<?xml version="1.0" encoding="UTF-8" standalone="no"?>
<!DOCTYPE log SYSTEM "logger.dtd">
<log>
<record>
  <date>2022-09-29T07:04:46.213025300Z</date>
  <millis>1664435086213</millis>
  <nanos>25300</nanos>
  <sequence>0</sequence>
  <logger>SimpleThreads</logger>
  <level>INFO</level>
  <class>SimpleThreads</class>
  <method>threadMessage</method>
  <thread>1</thread>
  <message>main: Comenzando la tarea MessageLoop
</message>
</record>
<record>
  <date>2022-09-29T07:04:46.293023900Z</date>
  <millis>1664435086293</millis>
  <nanos>23900</nanos>
  <sequence>1</sequence>
  <logger>SimpleThreads</logger>
  <level>INFO</level>
  <class>SimpleThreads</class>
  <method>threadMessage</method>
  <thread>1</thread>
  <message>main: Esperando el final de MessageLoop
</message>
</record>
<record>
  <date>2022-09-29T07:04:46.295022200Z</date>
  <millis>1664435086295</millis>
  <nanos>22200</nanos>
  <sequence>2</sequence>
  <logger>SimpleThreads</logger>
  <level>INFO</level>
  <class>SimpleThreads</class>
  <method>threadMessage</method>
  <thread>1</thread>
  <message>main: Esperando...
</message>
</record>
<record>
  <date>2022-09-29T07:04:47.335201500Z</date>
  <millis>1664435087335</millis>
  <nanos>201500</nanos>
  <sequence>3</sequence>
  <logger>SimpleThreads</logger>
  <level>INFO</level>
  <class>SimpleThreads</class>
  <method>threadMessage</method>
  <thread>1</thread>
  <message>main: Esperando...
</message>
</record>
<record>
  <date>2022-09-29T07:04:48.348176300Z</date>
  <millis>1664435088348</millis>
  <nanos>176300</nanos>
  <sequence>4</sequence>
  <logger>SimpleThreads</logger>
  <level>INFO</level>
  <class>SimpleThreads</class>
  <method>threadMessage</method>
  <thread>1</thread>
  <message>main: Esperando...
</message>
</record>
<record>
  <date>2022-09-29T07:04:49.363307Z</date>
  <millis>1664435089363</millis>
  <nanos>307000</nanos>
  <sequence>5</sequence>
  <logger>SimpleThreads</logger>
  <level>INFO</level>
  <class>SimpleThreads</class>
  <method>threadMessage</method>
  <thread>1</thread>
  <message>main: Esperando...
</message>
</record>
<record>
  <date>2022-09-29T07:04:50.298239800Z</date>
  <millis>1664435090298</millis>
  <nanos>239800</nanos>
  <sequence>6</sequence>
  <logger>SimpleThreads</logger>
  <level>INFO</level>
  <class>SimpleThreads</class>
  <method>threadMessage</method>
  <thread>15</thread>
  <message>Thread-0: Umbrío por la pena, casi bruno
</message>
</record>
<record>
  <date>2022-09-29T07:04:50.377777600Z</date>
  <millis>1664435090377</millis>
  <nanos>777600</nanos>
  <sequence>7</sequence>
  <logger>SimpleThreads</logger>
  <level>INFO</level>
  <class>SimpleThreads</class>
  <method>threadMessage</method>
  <thread>1</thread>
  <message>main: Esperando...
</message>
</record>
<record>
  <date>2022-09-29T07:04:51.386017800Z</date>
  <millis>1664435091386</millis>
  <nanos>17800</nanos>
  <sequence>8</sequence>
  <logger>SimpleThreads</logger>
  <level>INFO</level>
  <class>SimpleThreads</class>
  <method>threadMessage</method>
  <thread>1</thread>
  <message>main: Esperando...
</message>
</record>
<record>
  <date>2022-09-29T07:04:52.391946400Z</date>
  <millis>1664435092391</millis>
  <nanos>946400</nanos>
  <sequence>9</sequence>
  <logger>SimpleThreads</logger>
  <level>INFO</level>
  <class>SimpleThreads</class>
  <method>threadMessage</method>
  <thread>1</thread>
  <message>main: Esperando...
</message>
</record>
<record>
  <date>2022-09-29T07:04:53.404662200Z</date>
  <millis>1664435093404</millis>
  <nanos>662200</nanos>
  <sequence>10</sequence>
  <logger>SimpleThreads</logger>
  <level>INFO</level>
  <class>SimpleThreads</class>
  <method>threadMessage</method>
  <thread>1</thread>
  <message>main: Esperando...
</message>
</record>
<record>
  <date>2022-09-29T07:04:54.303345Z</date>
  <millis>1664435094303</millis>
  <nanos>345000</nanos>
  <sequence>11</sequence>
  <logger>SimpleThreads</logger>
  <level>INFO</level>
  <class>SimpleThreads</class>
  <method>threadMessage</method>
  <thread>15</thread>
  <message>Thread-0: Porque la pena tizna cuando estalla
</message>
</record>
<record>
  <date>2022-09-29T07:04:54.413398500Z</date>
  <millis>1664435094413</millis>
  <nanos>398500</nanos>
  <sequence>12</sequence>
  <logger>SimpleThreads</logger>
  <level>INFO</level>
  <class>SimpleThreads</class>
  <method>threadMessage</method>
  <thread>1</thread>
  <message>main: Esperando...
</message>
</record>
<record>
  <date>2022-09-29T07:04:55.417750400Z</date>
  <millis>1664435095417</millis>
  <nanos>750400</nanos>
  <sequence>13</sequence>
  <logger>SimpleThreads</logger>
  <level>INFO</level>
  <class>SimpleThreads</class>
  <method>threadMessage</method>
  <thread>1</thread>
  <message>main: Esperando...
</message>
</record>
<record>
  <date>2022-09-29T07:04:56.420102600Z</date>
  <millis>1664435096420</millis>
  <nanos>102600</nanos>
  <sequence>14</sequence>
  <logger>SimpleThreads</logger>
  <level>INFO</level>
  <class>SimpleThreads</class>
  <method>threadMessage</method>
  <thread>1</thread>
  <message>main: Esperando...
</message>
</record>
<record>
  <date>2022-09-29T07:04:57.439127900Z</date>
  <millis>1664435097439</millis>
  <nanos>127900</nanos>
  <sequence>15</sequence>
  <logger>SimpleThreads</logger>
  <level>INFO</level>
  <class>SimpleThreads</class>
  <method>threadMessage</method>
  <thread>1</thread>
  <message>main: Esperando...
</message>
</record>
<record>
  <date>2022-09-29T07:04:58.312307700Z</date>
  <millis>1664435098312</millis>
  <nanos>307700</nanos>
  <sequence>16</sequence>
  <logger>SimpleThreads</logger>
  <level>INFO</level>
  <class>SimpleThreads</class>
  <method>threadMessage</method>
  <thread>15</thread>
  <message>Thread-0: Donde yo no me hallo, no se halla
</message>
</record>
<record>
  <date>2022-09-29T07:04:58.455309200Z</date>
  <millis>1664435098455</millis>
  <nanos>309200</nanos>
  <sequence>17</sequence>
  <logger>SimpleThreads</logger>
  <level>INFO</level>
  <class>SimpleThreads</class>
  <method>threadMessage</method>
  <thread>1</thread>
  <message>main: Esperando...
</message>
</record>
<record>
  <date>2022-09-29T07:04:59.468839500Z</date>
  <millis>1664435099468</millis>
  <nanos>839500</nanos>
  <sequence>18</sequence>
  <logger>SimpleThreads</logger>
  <level>INFO</level>
  <class>SimpleThreads</class>
  <method>threadMessage</method>
  <thread>1</thread>
  <message>main: Esperando...
</message>
</record>
<record>
  <date>2022-09-29T07:05:00.481197800Z</date>
  <millis>1664435100481</millis>
  <nanos>197800</nanos>
  <sequence>19</sequence>
  <logger>SimpleThreads</logger>
  <level>INFO</level>
  <class>SimpleThreads</class>
  <method>threadMessage</method>
  <thread>1</thread>
  <message>main: Esperando...
</message>
</record>
<record>
  <date>2022-09-29T07:05:01.496420400Z</date>
  <millis>1664435101496</millis>
  <nanos>420400</nanos>
  <sequence>20</sequence>
  <logger>SimpleThreads</logger>
  <level>INFO</level>
  <class>SimpleThreads</class>
  <method>threadMessage</method>
  <thread>1</thread>
  <message>main: Esperando...
</message>
</record>
<record>
  <date>2022-09-29T07:05:02.317496800Z</date>
  <millis>1664435102317</millis>
  <nanos>496800</nanos>
  <sequence>21</sequence>
  <logger>SimpleThreads</logger>
  <level>INFO</level>
  <class>SimpleThreads</class>
  <method>threadMessage</method>
  <thread>15</thread>
  <message>Thread-0: Hombre más apenado que ninguno
</message>
</record>
<record>
  <date>2022-09-29T07:05:02.323513300Z</date>
  <millis>1664435102323</millis>
  <nanos>513300</nanos>
  <sequence>22</sequence>
  <logger>SimpleThreads</logger>
  <level>INFO</level>
  <class>SimpleThreads</class>
  <method>threadMessage</method>
  <thread>1</thread>
  <message>main: ¡Por fin!
</message>
</record>
</log>
