<?xml version="1.0" encoding="UTF-8" standalone="no"?>
<!DOCTYPE log SYSTEM "logger.dtd">
<log>
<record>
  <date>2022-09-29T07:10:06.639746Z</date>
  <millis>1664435406639</millis>
  <nanos>746000</nanos>
  <sequence>0</sequence>
  <logger>SleepMessages</logger>
  <level>INFO</level>
  <class>SleepMessages</class>
  <method>main</method>
  <thread>1</thread>
  <message>Umbrío por la pena, casi bruno</message>
</record>
<record>
  <date>2022-09-29T07:10:10.721650200Z</date>
  <millis>1664435410721</millis>
  <nanos>650200</nanos>
  <sequence>1</sequence>
  <logger>SleepMessages</logger>
  <level>INFO</level>
  <class>SleepMessages</class>
  <method>main</method>
  <thread>1</thread>
  <message>Porque la pena tizna cuando estalla</message>
</record>
<record>
  <date>2022-09-29T07:10:14.732323700Z</date>
  <millis>1664435414732</millis>
  <nanos>323700</nanos>
  <sequence>2</sequence>
  <logger>SleepMessages</logger>
  <level>INFO</level>
  <class>SleepMessages</class>
  <method>main</method>
  <thread>1</thread>
  <message>Donde yo no me hallo, no se halla</message>
</record>
<record>
  <date>2022-09-29T07:10:18.747066200Z</date>
  <millis>1664435418747</millis>
  <nanos>66200</nanos>
  <sequence>3</sequence>
  <logger>SleepMessages</logger>
  <level>INFO</level>
  <class>SleepMessages</class>
  <method>main</method>
  <thread>1</thread>
  <message>Hombre más apenado que ninguno</message>
</record>
</log>
